<?xml version="1.0" encoding="UTF-8"?>
<testsuite xmlns:xsi="http://www.w3.org/2001/XMLSchema-instance" xsi:schemaLocation="https://maven.apache.org/surefire/maven-surefire-plugin/xsd/surefire-test-report.xsd" name="TestSuite" time="32.396" tests="8" errors="0" skipped="6" failures="1">
  <properties>
[...]
</properties>
  <testcase name="search" classname="searchitems.SearchItems" time="22.953"/>
  <testcase name="setUp" classname="home.TestAmazonHome" time="24.092">
    <failure message="Could not start a new session. Possible causes are invalid address of the remote server or browser start-up failure.&#10;Build info: version: &apos;3.4.0&apos;, revision: &apos;unknown&apos;, time: &apos;unknown&apos;&#10;System info: host: &apos;PeopleNTech_NYA&apos;, ip: &apos;10.11.11.31&apos;, os.name: &apos;Windows 10&apos;, os.arch: &apos;amd64&apos;, os.version: &apos;10.0&apos;, java.version: &apos;1.8.0_111&apos;&#10;Driver info: driver.version: RemoteWebDriver" type="org.openqa.selenium.remote.UnreachableBrowserException">org.openqa.selenium.remote.UnreachableBrowserException: 
Could not start a new session. Possible causes are invalid address of the remote server or browser start-up failure.
Build info: version: '3.4.0', revision: 'unknown', time: 'unknown'
System info: host: 'PeopleNTech_NYA', ip: '10.11.11.31', os.name: 'Windows 10', os.arch: 'amd64', os.version: '10.0', java.version: '1.8.0_111'
Driver info: driver.version: RemoteWebDriver
Caused by: java.lang.IllegalArgumentException: Illegal character in authority at index 7: http://your user name:your access key@hub-cloud.browserstack.com/wd/hub/session
Caused by: java.net.URISyntaxException: Illegal character in authority at index 7: http://your user name:your access key@hub-cloud.browserstack.com/wd/hub/session
</failure>
    <system-out><![CDATA[It has been called
]]></system-out>
    <system-err><![CDATA[1494787539671	Marionette	INFO	New connections will no longer be accepted
]]></system-err>
  </testcase>
  <testcase name="startExtent" classname="home.TestAmazonHome" time="0">
    <skipped/>
  </testcase>
  <testcase name="amazonTitle" classname="home.TestAmazonHome" time="0">
    <skipped message="Could not start a new session. Possible causes are invalid address of the remote server or browser start-up failure.&#10;Build info: version: &apos;3.4.0&apos;, revision: &apos;unknown&apos;, time: &apos;unknown&apos;&#10;System info: host: &apos;PeopleNTech_NYA&apos;, ip: &apos;10.11.11.31&apos;, os.name: &apos;Windows 10&apos;, os.arch: &apos;amd64&apos;, os.version: &apos;10.0&apos;, java.version: &apos;1.8.0_111&apos;&#10;Driver info: driver.version: RemoteWebDriver"/>
  </testcase>
  <testcase name="setUp" classname="home.SearchItems" time="0">
    <skipped/>
  </testcase>
  <testcase name="startExtent" classname="home.SearchItems" time="0">
    <skipped/>
  </testcase>
  <testcase name="serach" classname="home.SearchItems" time="0">
    <skipped message="Could not start a new session. Possible causes are invalid address of the remote server or browser start-up failure.&#10;Build info: version: &apos;3.4.0&apos;, revision: &apos;unknown&apos;, time: &apos;unknown&apos;&#10;System info: host: &apos;PeopleNTech_NYA&apos;, ip: &apos;10.11.11.31&apos;, os.name: &apos;Windows 10&apos;, os.arch: &apos;amd64&apos;, os.version: &apos;10.0&apos;, java.version: &apos;1.8.0_111&apos;&#10;Driver info: driver.version: RemoteWebDriver"/>
  </testcase>
  <testcase name="generateReport" classname="home.TestAmazonHome" time="0">
    <skipped/>
  </testcase>
</testsuite>